./sdriver.pl -t trace01.txt -s ./tsh -a "-p"
#
# trace01.txt - Properly terminate on EOF.
#
./sdriver.pl -t trace02.txt -s ./tsh -a "-p"
#
# trace02.txt - Process builtin quit command.
#
./sdriver.pl -t trace03.txt -s ./tsh -a "-p"
#
# trace03.txt - Run a foreground job.
#
tsh> quit
./sdriver.pl -t trace04.txt -s ./tsh -a "-p"
#
# trace04.txt - Run a background job.
#
tsh> ./myspin 1 &
[1] (70352) ./myspin 1 &
./sdriver.pl -t trace05.txt -s ./tsh -a "-p"
#
# trace05.txt - Process jobs builtin command.
#
tsh> ./myspin 2 &
[1] (70357) ./myspin 2 &
tsh> ./myspin 3 &
[2] (70359) ./myspin 3 &
tsh> jobs
[1] (70357) Running ./myspin 2 &
[2] (70359) Running ./myspin 3 &
./sdriver.pl -t trace06.txt -s ./tsh -a "-p"
#
# trace06.txt - Forward SIGINT to foreground job.
#
tsh> ./myspin 4
Job [1] (70365) terminated by signal 2
./sdriver.pl -t trace07.txt -s ./tsh -a "-p"
#
# trace07.txt - Forward SIGINT only to foreground job.
#
tsh> ./myspin 4 &
[1] (70379) ./myspin 4 &
tsh> ./myspin 5
Job [2] (70381) terminated by signal 2
tsh> jobs
[1] (70379) Running ./myspin 4 &
./sdriver.pl -t trace08.txt -s ./tsh -a "-p"
#
# trace08.txt - Forward SIGTSTP only to foreground job.
#
tsh> ./myspin 4 &
[1] (70394) ./myspin 4 &
tsh> ./myspin 5
Job [2] (70396) stopped by signal 20
tsh> jobs
[1] (70394) Running ./myspin 4 &
[2] (70396) Stopped ./myspin 5 
./sdriver.pl -t trace09.txt -s ./tsh -a "-p"
#
# trace09.txt - Process bg builtin command
#
tsh> ./myspin 4 &
[1] (70402) ./myspin 4 &
tsh> ./myspin 5
Job [2] (70404) stopped by signal 20
tsh> jobs
[1] (70402) Running ./myspin 4 &
[2] (70404) Stopped ./myspin 5 
tsh> bg %2
[2] (70404) ./myspin 5 
tsh> jobs
[1] (70402) Running ./myspin 4 &
[2] (70404) Running ./myspin 5 
./sdriver.pl -t trace10.txt -s ./tsh -a "-p"
#
# trace10.txt - Process fg builtin command. 
#
tsh> ./myspin 4 &
[1] (70418) ./myspin 4 &
tsh> fg %1
Job [1] (70418) stopped by signal 20
tsh> jobs
[1] (70418) Stopped ./myspin 4 &
tsh> fg %1
tsh> jobs
./sdriver.pl -t trace11.txt -s ./tsh -a "-p"
#
# trace11.txt - Forward SIGINT to every process in foreground process group
#
tsh> ./mysplit 4
Job [1] (70434) terminated by signal 2
tsh> /bin/ps a
    PID TTY      STAT   TIME COMMAND
   2607 tty2     Ssl+   0:00 /usr/lib/gdm3/gdm-x-session --run-script env GNOME_SHELL_SESSION_MODE=ubuntu /usr/bin/gnome-session --systemd --session=ubuntu
   2609 tty2     Sl+   72:31 /usr/lib/xorg/Xorg vt2 -displayfd 3 -auth /run/user/1000/gdm/Xauthority -background none -noreset -keeptty -verbose 3
   2630 tty2     Sl+    0:00 /usr/libexec/gnome-session-binary --systemd --systemd --session=ubuntu
   8712 pts/0    Ss+    0:00 bash
  52709 pts/3    Ss     0:00 /bin/bash
  54361 pts/2    Ss     0:00 bash
  55234 pts/2    S+     7:09 htop
  57657 pts/1    Ss     0:00 bash
  57670 pts/1    S+     0:00 man sigsuspend
  57680 pts/1    S+     0:00 pager
  69415 pts/4    Ss+    0:00 /bin/bash
  70337 pts/3    S+     0:00 bash tsh_test.sh
  70431 pts/3    S+     0:00 /usr/bin/perl ./sdriver.pl -t trace11.txt -s ./tsh -a -p
  70432 pts/3    S+     0:00 ./tsh -p
  70443 pts/3    R      0:00 /bin/ps a
./sdriver.pl -t trace12.txt -s ./tsh -a "-p"
#
# trace12.txt - Forward SIGTSTP to every process in foreground process group
#
tsh> ./mysplit 4
Job [1] (70448) stopped by signal 20
tsh> jobs
[1] (70448) Stopped ./mysplit 4 
tsh> /bin/ps a
    PID TTY      STAT   TIME COMMAND
   2607 tty2     Ssl+   0:00 /usr/lib/gdm3/gdm-x-session --run-script env GNOME_SHELL_SESSION_MODE=ubuntu /usr/bin/gnome-session --systemd --session=ubuntu
   2609 tty2     Sl+   72:31 /usr/lib/xorg/Xorg vt2 -displayfd 3 -auth /run/user/1000/gdm/Xauthority -background none -noreset -keeptty -verbose 3
   2630 tty2     Sl+    0:00 /usr/libexec/gnome-session-binary --systemd --systemd --session=ubuntu
   8712 pts/0    Ss+    0:00 bash
  52709 pts/3    Ss     0:00 /bin/bash
  54361 pts/2    Ss     0:00 bash
  55234 pts/2    S+     7:09 htop
  57657 pts/1    Ss     0:00 bash
  57670 pts/1    S+     0:00 man sigsuspend
  57680 pts/1    S+     0:00 pager
  69415 pts/4    Ss+    0:00 /bin/bash
  70337 pts/3    S+     0:00 bash tsh_test.sh
  70445 pts/3    S+     0:00 /usr/bin/perl ./sdriver.pl -t trace12.txt -s ./tsh -a -p
  70446 pts/3    S+     0:00 ./tsh -p
  70448 pts/3    T      0:00 ./mysplit 4
  70449 pts/3    T      0:00 ./mysplit 4
  70452 pts/3    R      0:00 /bin/ps a
./sdriver.pl -t trace13.txt -s ./tsh -a "-p"
#
# trace13.txt - Restart every stopped process in process group
#
tsh> ./mysplit 4
Job [1] (70457) stopped by signal 20
tsh> jobs
[1] (70457) Stopped ./mysplit 4 
tsh> /bin/ps a
    PID TTY      STAT   TIME COMMAND
   2607 tty2     Ssl+   0:00 /usr/lib/gdm3/gdm-x-session --run-script env GNOME_SHELL_SESSION_MODE=ubuntu /usr/bin/gnome-session --systemd --session=ubuntu
   2609 tty2     Sl+   72:31 /usr/lib/xorg/Xorg vt2 -displayfd 3 -auth /run/user/1000/gdm/Xauthority -background none -noreset -keeptty -verbose 3
   2630 tty2     Sl+    0:00 /usr/libexec/gnome-session-binary --systemd --systemd --session=ubuntu
   8712 pts/0    Ss+    0:00 bash
  52709 pts/3    Ss     0:00 /bin/bash
  54361 pts/2    Ss     0:00 bash
  55234 pts/2    S+     7:09 htop
  57657 pts/1    Ss     0:00 bash
  57670 pts/1    S+     0:00 man sigsuspend
  57680 pts/1    S+     0:00 pager
  69415 pts/4    Ss+    0:00 /bin/bash
  70337 pts/3    S+     0:00 bash tsh_test.sh
  70454 pts/3    S+     0:00 /usr/bin/perl ./sdriver.pl -t trace13.txt -s ./tsh -a -p
  70455 pts/3    S+     0:00 ./tsh -p
  70457 pts/3    T      0:00 ./mysplit 4
  70458 pts/3    T      0:00 ./mysplit 4
  70461 pts/3    R      0:00 /bin/ps a
tsh> fg %1
tsh> /bin/ps a
    PID TTY      STAT   TIME COMMAND
   2607 tty2     Ssl+   0:00 /usr/lib/gdm3/gdm-x-session --run-script env GNOME_SHELL_SESSION_MODE=ubuntu /usr/bin/gnome-session --systemd --session=ubuntu
   2609 tty2     Sl+   72:32 /usr/lib/xorg/Xorg vt2 -displayfd 3 -auth /run/user/1000/gdm/Xauthority -background none -noreset -keeptty -verbose 3
   2630 tty2     Sl+    0:00 /usr/libexec/gnome-session-binary --systemd --systemd --session=ubuntu
   8712 pts/0    Ss+    0:00 bash
  52709 pts/3    Ss     0:00 /bin/bash
  54361 pts/2    Ss     0:00 bash
  55234 pts/2    S+     7:09 htop
  57657 pts/1    Ss     0:00 bash
  57670 pts/1    S+     0:00 man sigsuspend
  57680 pts/1    S+     0:00 pager
  69415 pts/4    Ss+    0:00 /bin/bash
  70337 pts/3    S+     0:00 bash tsh_test.sh
  70454 pts/3    S+     0:00 /usr/bin/perl ./sdriver.pl -t trace13.txt -s ./tsh -a -p
  70455 pts/3    S+     0:00 ./tsh -p
  70470 pts/3    R      0:00 /bin/ps a
./sdriver.pl -t trace14.txt -s ./tsh -a "-p"
#
# trace14.txt - Simple error handling
#
tsh> ./bogus
./bogus: Command not found
tsh> ./myspin 4 &
[1] (70477) ./myspin 4 &
tsh> fg
fg command requires PID or %jobid argument
tsh> bg
bg command requires PID or %jobid argument
tsh> fg a
fg: argument must be a PID or %jobid
tsh> bg a
bg: argument must be a PID or %jobid
tsh> fg 9999999
(9999999): No such process
tsh> bg 9999999
(9999999): No such process
tsh> fg %2
%2: No such job
tsh> fg %1
Job [1] (70477) stopped by signal 20
tsh> bg %2
%2: No such job
tsh> bg %1
[1] (70477) ./myspin 4 &
tsh> jobs
[1] (70477) Running ./myspin 4 &
./sdriver.pl -t trace15.txt -s ./tsh -a "-p"
#
# trace15.txt - Putting it all together
#
tsh> ./bogus
./bogus: Command not found
tsh> ./myspin 10
Job [1] (70501) terminated by signal 2
tsh> ./myspin 3 &
[1] (70503) ./myspin 3 &
tsh> ./myspin 4 &
[2] (70505) ./myspin 4 &
tsh> jobs
[1] (70503) Running ./myspin 3 &
[2] (70505) Running ./myspin 4 &
tsh> fg %1
Job [1] (70503) stopped by signal 20
tsh> jobs
[1] (70503) Stopped ./myspin 3 &
[2] (70505) Running ./myspin 4 &
tsh> bg %3
%3: No such job
tsh> bg %1
[1] (70503) ./myspin 3 &
tsh> jobs
[1] (70503) Running ./myspin 3 &
[2] (70505) Running ./myspin 4 &
tsh> fg %1
tsh> quit
./sdriver.pl -t trace16.txt -s ./tsh -a "-p"
#
# trace16.txt - Tests whether the shell can handle SIGTSTP and SIGINT
#     signals that come from other processes instead of the terminal.
#
tsh> ./mystop 2
Job [1] (70524) stopped by signal 20
tsh> jobs
[1] (70524) Stopped ./mystop 2
tsh> ./myint 2
Job [2] (70529) terminated by signal 2
